  [1m[36m (28.7ms)[0m  [1mCREATE TABLE "schema_migrations" ("version" character varying(255) NOT NULL) [0m
  [1m[35m (2.1ms)[0m  CREATE UNIQUE INDEX  "unique_schema_migrations" ON "schema_migrations"  ("version")
  [1m[36mActiveRecord::SchemaMigration Load (1.5ms)[0m  [1mSELECT "schema_migrations".* FROM "schema_migrations"[0m
Migrating to CreateQuestions (20141119184218)
  [1m[35m (0.1ms)[0m  BEGIN
  [1m[36m (21.1ms)[0m  [1mCREATE TABLE "questions" ("id" serial primary key, "content" text, "votes" integer DEFAULT 0, "created_at" timestamp, "updated_at" timestamp) [0m
  [1m[35mSQL (5.0ms)[0m  INSERT INTO "schema_migrations" ("version") VALUES ($1)  [["version", "20141119184218"]]
  [1m[36m (2.3ms)[0m  [1mCOMMIT[0m
Migrating to CreateAnswers (20141119185807)
  [1m[35m (0.2ms)[0m  BEGIN
  [1m[36m (2.9ms)[0m  [1mCREATE TABLE "answers" ("id" serial primary key, "content" text, "votes" integer DEFAULT 0, "question_id" integer, "created_at" timestamp, "updated_at" timestamp) [0m
  [1m[35m (0.6ms)[0m  CREATE  INDEX  "index_answers_on_question_id" ON "answers"  ("question_id")
  [1m[36mSQL (0.7ms)[0m  [1mINSERT INTO "schema_migrations" ("version") VALUES ($1)[0m  [["version", "20141119185807"]]
  [1m[35m (0.4ms)[0m  COMMIT
  [1m[36mActiveRecord::SchemaMigration Load (1.8ms)[0m  [1mSELECT "schema_migrations".* FROM "schema_migrations"[0m


Started GET "/" for 127.0.0.1 at 2014-12-29 10:25:51 -0800
  [1m[36mActiveRecord::SchemaMigration Load (0.5ms)[0m  [1mSELECT "schema_migrations".* FROM "schema_migrations"[0m
Processing by QuestionsController#index as HTML
  Rendered shared/_form_errors.html.erb (2.1ms)
  [1m[35mQuestion Load (0.5ms)[0m  SELECT "questions".* FROM "questions"
  Rendered questions/index.html.erb within layouts/application (732.7ms)
Completed 200 OK in 3689ms (Views: 3180.1ms | ActiveRecord: 2.4ms)


Started GET "/assets/_bootstrap.css?body=1" for 127.0.0.1 at 2014-12-29 10:25:55 -0800


Started GET "/assets/bootstrap_test.css?body=1" for 127.0.0.1 at 2014-12-29 10:25:55 -0800


Started GET "/assets/application.css?body=1" for 127.0.0.1 at 2014-12-29 10:25:55 -0800


Started GET "/assets/jquery.js?body=1" for 127.0.0.1 at 2014-12-29 10:25:55 -0800


Started GET "/assets/jquery_ujs.js?body=1" for 127.0.0.1 at 2014-12-29 10:25:55 -0800


Started GET "/assets/turbolinks.js?body=1" for 127.0.0.1 at 2014-12-29 10:25:55 -0800


Started GET "/assets/bootstrap.js?body=1" for 127.0.0.1 at 2014-12-29 10:25:55 -0800


Started GET "/assets/bootstrap_test.js?body=1" for 127.0.0.1 at 2014-12-29 10:25:55 -0800


Started GET "/assets/application.js?body=1" for 127.0.0.1 at 2014-12-29 10:25:55 -0800


Started POST "/questions" for 127.0.0.1 at 2014-12-29 10:26:06 -0800
Processing by QuestionsController#create as JS
  Parameters: {"utf8"=>"✓", "question"=>{"content"=>"What?"}, "commit"=>"Add"}
  [1m[36m (0.2ms)[0m  [1mBEGIN[0m
  [1m[35mSQL (0.8ms)[0m  INSERT INTO "questions" ("content", "created_at", "updated_at") VALUES ($1, $2, $3) RETURNING "id"  [["content", "What?"], ["created_at", "2014-12-29 18:26:06.392101"], ["updated_at", "2014-12-29 18:26:06.392101"]]
  [1m[36m (1.5ms)[0m  [1mCOMMIT[0m
  Rendered questions/_question.html.erb (1.6ms)
  Rendered questions/create.js.erb (3.9ms)
Completed 200 OK in 15ms (Views: 5.9ms | ActiveRecord: 2.6ms)


Started PATCH "/questions/1/upvote" for 127.0.0.1 at 2014-12-29 10:26:08 -0800
Processing by QuestionsController#upvote as JS
  Parameters: {"id"=>"1"}
  [1m[35mQuestion Load (2.0ms)[0m  SELECT  "questions".* FROM "questions"  WHERE "questions"."id" = $1 LIMIT 1  [["id", 1]]
  [1m[36m (0.1ms)[0m  [1mBEGIN[0m
  [1m[35mSQL (0.2ms)[0m  UPDATE "questions" SET "updated_at" = $1, "votes" = $2 WHERE "questions"."id" = 1  [["updated_at", "2014-12-29 18:26:08.435869"], ["votes", 1]]
  [1m[36m (2.5ms)[0m  [1mCOMMIT[0m
  Rendered questions/_question.html.erb (0.6ms)
  Rendered questions/upvote.js.erb (1.8ms)
Completed 200 OK in 14ms (Views: 3.7ms | ActiveRecord: 4.8ms)


Started PATCH "/questions/1/upvote" for 127.0.0.1 at 2014-12-29 10:26:08 -0800
Processing by QuestionsController#upvote as JS
  Parameters: {"id"=>"1"}
  [1m[35mQuestion Load (0.3ms)[0m  SELECT  "questions".* FROM "questions"  WHERE "questions"."id" = $1 LIMIT 1  [["id", 1]]
  [1m[36m (0.1ms)[0m  [1mBEGIN[0m
  [1m[35mSQL (0.2ms)[0m  UPDATE "questions" SET "updated_at" = $1, "votes" = $2 WHERE "questions"."id" = 1  [["updated_at", "2014-12-29 18:26:08.845835"], ["votes", 2]]
  [1m[36m (1.4ms)[0m  [1mCOMMIT[0m
  Rendered questions/_question.html.erb (0.5ms)
  Rendered questions/upvote.js.erb (1.5ms)
Completed 200 OK in 8ms (Views: 3.3ms | ActiveRecord: 1.9ms)


Started PATCH "/questions/1/upvote" for 127.0.0.1 at 2014-12-29 10:26:09 -0800
Processing by QuestionsController#upvote as JS
  Parameters: {"id"=>"1"}
  [1m[35mQuestion Load (0.2ms)[0m  SELECT  "questions".* FROM "questions"  WHERE "questions"."id" = $1 LIMIT 1  [["id", 1]]
  [1m[36m (0.1ms)[0m  [1mBEGIN[0m
  [1m[35mSQL (0.2ms)[0m  UPDATE "questions" SET "updated_at" = $1, "votes" = $2 WHERE "questions"."id" = 1  [["updated_at", "2014-12-29 18:26:09.019117"], ["votes", 3]]
  [1m[36m (1.3ms)[0m  [1mCOMMIT[0m
  Rendered questions/_question.html.erb (0.5ms)
  Rendered questions/upvote.js.erb (1.3ms)
Completed 200 OK in 7ms (Views: 2.9ms | ActiveRecord: 1.9ms)


Started PATCH "/questions/1/upvote" for 127.0.0.1 at 2014-12-29 10:26:09 -0800
Processing by QuestionsController#upvote as JS
  Parameters: {"id"=>"1"}
  [1m[35mQuestion Load (0.2ms)[0m  SELECT  "questions".* FROM "questions"  WHERE "questions"."id" = $1 LIMIT 1  [["id", 1]]
  [1m[36m (0.1ms)[0m  [1mBEGIN[0m
  [1m[35mSQL (0.2ms)[0m  UPDATE "questions" SET "updated_at" = $1, "votes" = $2 WHERE "questions"."id" = 1  [["updated_at", "2014-12-29 18:26:09.254532"], ["votes", 4]]
  [1m[36m (1.6ms)[0m  [1mCOMMIT[0m
  Rendered questions/_question.html.erb (0.5ms)
  Rendered questions/upvote.js.erb (1.4ms)
Completed 200 OK in 7ms (Views: 3.0ms | ActiveRecord: 2.1ms)


Started GET "/questions/1" for 127.0.0.1 at 2014-12-29 10:26:09 -0800
Processing by QuestionsController#show as HTML
  Parameters: {"id"=>"1"}
  [1m[35mQuestion Load (0.2ms)[0m  SELECT  "questions".* FROM "questions"  WHERE "questions"."id" = $1 LIMIT 1  [["id", 1]]
  Rendered shared/_form_errors.html.erb (0.4ms)
  Rendered answers/_form.html.erb (11.7ms)
  [1m[36mAnswer Load (0.5ms)[0m  [1mSELECT "answers".* FROM "answers"  WHERE "answers"."question_id" = $1[0m  [["question_id", 1]]
  Rendered questions/show.html.erb within layouts/application (15.9ms)
Completed 200 OK in 186ms (Views: 55.8ms | ActiveRecord: 2.4ms)


Started DELETE "/questions/1" for 127.0.0.1 at 2014-12-29 10:26:13 -0800
Processing by QuestionsController#destroy as HTML
  Parameters: {"authenticity_token"=>"4YCsEk2+IJIIVOBqsuwvZnr5ktRRRriQf2Rpf9eiirc=", "id"=>"1"}
  [1m[35mQuestion Load (0.3ms)[0m  SELECT  "questions".* FROM "questions"  WHERE "questions"."id" = $1 LIMIT 1  [["id", 1]]
  [1m[36m (0.1ms)[0m  [1mBEGIN[0m
  [1m[35mSQL (0.1ms)[0m  DELETE FROM "questions" WHERE "questions"."id" = $1  [["id", 1]]
  [1m[36m (1.5ms)[0m  [1mCOMMIT[0m
Redirected to http://localhost:3000/
Completed 302 Found in 5ms (ActiveRecord: 2.0ms)


Started GET "/" for 127.0.0.1 at 2014-12-29 10:26:13 -0800
Processing by QuestionsController#index as HTML
  Rendered shared/_form_errors.html.erb (0.1ms)
  [1m[35mQuestion Load (0.3ms)[0m  SELECT "questions".* FROM "questions"
  Rendered questions/index.html.erb within layouts/application (2.8ms)
Completed 200 OK in 346ms (Views: 42.7ms | ActiveRecord: 0.3ms)


Started GET "/" for 127.0.0.1 at 2014-12-29 10:28:14 -0800
Processing by QuestionsController#index as HTML
  Rendered shared/_form_errors.html.erb (0.0ms)
  [1m[36mQuestion Load (0.3ms)[0m  [1mSELECT "questions".* FROM "questions"[0m
  Rendered questions/index.html.erb within layouts/application (2.5ms)
Completed 200 OK in 457ms (Views: 86.3ms | ActiveRecord: 0.3ms)


Started GET "/assets/bootstrap_test.css?body=1" for 127.0.0.1 at 2014-12-29 10:28:15 -0800


Started GET "/assets/_bootstrap.css?body=1" for 127.0.0.1 at 2014-12-29 10:28:15 -0800


Started GET "/assets/jquery_ujs.js?body=1" for 127.0.0.1 at 2014-12-29 10:28:15 -0800


Started GET "/assets/jquery.js?body=1" for 127.0.0.1 at 2014-12-29 10:28:15 -0800


Started GET "/assets/application.css?body=1" for 127.0.0.1 at 2014-12-29 10:28:15 -0800


Started GET "/assets/turbolinks.js?body=1" for 127.0.0.1 at 2014-12-29 10:28:15 -0800


Started GET "/assets/bootstrap.js?body=1" for 127.0.0.1 at 2014-12-29 10:28:15 -0800


Started GET "/assets/bootstrap_test.js?body=1" for 127.0.0.1 at 2014-12-29 10:28:15 -0800


Started GET "/assets/application.js?body=1" for 127.0.0.1 at 2014-12-29 10:28:15 -0800
  [1m[36m (4.8ms)[0m  [1mCREATE TABLE "schema_migrations" ("version" character varying(255) NOT NULL) [0m
  [1m[35m (1.3ms)[0m  CREATE UNIQUE INDEX  "unique_schema_migrations" ON "schema_migrations"  ("version")
  [1m[36mActiveRecord::SchemaMigration Load (1.5ms)[0m  [1mSELECT "schema_migrations".* FROM "schema_migrations"[0m
Migrating to CreatePoems (20141119184218)
  [1m[35m (0.1ms)[0m  BEGIN
  [1m[36m (6.6ms)[0m  [1mCREATE TABLE "poems" ("id" serial primary key, "content" text, "votes" integer DEFAULT 0, "created_at" timestamp, "updated_at" timestamp) [0m
  [1m[35mSQL (5.0ms)[0m  INSERT INTO "schema_migrations" ("version") VALUES ($1)  [["version", "20141119184218"]]
  [1m[36m (0.5ms)[0m  [1mCOMMIT[0m
Migrating to CreateComments (20141119185807)
  [1m[35m (0.2ms)[0m  BEGIN
  [1m[36m (4.3ms)[0m  [1mCREATE TABLE "comments" ("id" serial primary key, "content" text, "votes" integer DEFAULT 0, "poem_id" integer, "created_at" timestamp, "updated_at" timestamp) [0m
  [1m[35m (0.6ms)[0m  CREATE  INDEX  "index_comments_on_poem_id" ON "comments"  ("poem_id")
  [1m[36mSQL (0.2ms)[0m  [1mINSERT INTO "schema_migrations" ("version") VALUES ($1)[0m  [["version", "20141119185807"]]
  [1m[35m (0.4ms)[0m  COMMIT
  [1m[36mActiveRecord::SchemaMigration Load (1.6ms)[0m  [1mSELECT "schema_migrations".* FROM "schema_migrations"[0m
  [1m[36m (8.5ms)[0m  [1mCREATE TABLE "schema_migrations" ("version" character varying(255) NOT NULL) [0m
  [1m[35m (1.4ms)[0m  CREATE UNIQUE INDEX  "unique_schema_migrations" ON "schema_migrations"  ("version")
  [1m[36mActiveRecord::SchemaMigration Load (1.5ms)[0m  [1mSELECT "schema_migrations".* FROM "schema_migrations"[0m
Migrating to CreatePoems (20141119184218)
  [1m[35m (0.1ms)[0m  BEGIN
  [1m[36m (5.9ms)[0m  [1mCREATE TABLE "poems" ("id" serial primary key, "content" text, "votes" integer DEFAULT 0, "created_at" timestamp, "updated_at" timestamp) [0m
  [1m[35mSQL (0.3ms)[0m  INSERT INTO "schema_migrations" ("version") VALUES ($1)  [["version", "20141119184218"]]
  [1m[36m (1.9ms)[0m  [1mCOMMIT[0m
Migrating to CreateComments (20141119185807)
  [1m[35m (0.2ms)[0m  BEGIN
  [1m[36m (4.7ms)[0m  [1mCREATE TABLE "comments" ("id" serial primary key, "content" text, "votes" integer DEFAULT 0, "poem_id" integer, "created_at" timestamp, "updated_at" timestamp) [0m
  [1m[35m (0.7ms)[0m  CREATE  INDEX  "index_comments_on_poem_id" ON "comments"  ("poem_id")
  [1m[36mSQL (0.2ms)[0m  [1mINSERT INTO "schema_migrations" ("version") VALUES ($1)[0m  [["version", "20141119185807"]]
  [1m[35m (2.3ms)[0m  COMMIT
  [1m[36mActiveRecord::SchemaMigration Load (1.6ms)[0m  [1mSELECT "schema_migrations".* FROM "schema_migrations"[0m


Started GET "/" for 127.0.0.1 at 2014-12-29 11:07:03 -0800
  [1m[36mActiveRecord::SchemaMigration Load (0.5ms)[0m  [1mSELECT "schema_migrations".* FROM "schema_migrations"[0m
Processing by PoemsController#index as HTML
  Rendered shared/_form_errors.html.erb (2.0ms)
  [1m[35mPoem Load (0.5ms)[0m  SELECT "poems".* FROM "poems"
  Rendered poems/index.html.erb within layouts/application (426.1ms)
Completed 500 Internal Server Error in 522ms

ActionView::Template::Error (couldn't find file 'bootstrap_test.css'
  (in /Users/Kiope/Code/public_poetry/app/assets/stylesheets/application.css:14)):
    2: <html>
    3: <head>
    4:   <title>Public Poetry</title>
    5:   <%= stylesheet_link_tag    'application', media: 'all', 'data-turbolinks-track' => true %>
    6:   <%= javascript_include_tag 'application', 'data-turbolinks-track' => true %>
    7:   <%= csrf_meta_tags %>
    8: </head>
  app/views/layouts/application.html.erb:5:in `_app_views_layouts_application_html_erb___2088104771680615040_70363190869220'


  Rendered /Users/Kiope/.rbenv/versions/2.0.0-p481/lib/ruby/gems/2.0.0/gems/actionpack-4.1.8/lib/action_dispatch/middleware/templates/rescues/_trace.html.erb (1.8ms)
  Rendered /Users/Kiope/.rbenv/versions/2.0.0-p481/lib/ruby/gems/2.0.0/gems/actionpack-4.1.8/lib/action_dispatch/middleware/templates/rescues/_request_and_response.html.erb (0.8ms)
  Rendered /Users/Kiope/.rbenv/versions/2.0.0-p481/lib/ruby/gems/2.0.0/gems/actionpack-4.1.8/lib/action_dispatch/middleware/templates/rescues/template_error.html.erb within rescues/layout (17.6ms)


Started GET "/" for 127.0.0.1 at 2014-12-29 11:07:33 -0800
Processing by PoemsController#index as HTML
  Rendered shared/_form_errors.html.erb (0.0ms)
  [1m[36mPoem Load (0.2ms)[0m  [1mSELECT "poems".* FROM "poems"[0m
  Rendered poems/index.html.erb within layouts/application (2.3ms)
Completed 500 Internal Server Error in 1262ms

ActionView::Template::Error (couldn't find file 'bootstrap_test'
  (in /Users/Kiope/Code/public_poetry/app/assets/javascripts/application.js:17)):
    3: <head>
    4:   <title>Public Poetry</title>
    5:   <%= stylesheet_link_tag    'application', media: 'all', 'data-turbolinks-track' => true %>
    6:   <%= javascript_include_tag 'application', 'data-turbolinks-track' => true %>
    7:   <%= csrf_meta_tags %>
    8: </head>
    9: <body>
  app/views/layouts/application.html.erb:6:in `_app_views_layouts_application_html_erb___2088104771680615040_70363190869220'


  Rendered /Users/Kiope/.rbenv/versions/2.0.0-p481/lib/ruby/gems/2.0.0/gems/actionpack-4.1.8/lib/action_dispatch/middleware/templates/rescues/_trace.html.erb (32.8ms)
  Rendered /Users/Kiope/.rbenv/versions/2.0.0-p481/lib/ruby/gems/2.0.0/gems/actionpack-4.1.8/lib/action_dispatch/middleware/templates/rescues/_request_and_response.html.erb (0.7ms)
  Rendered /Users/Kiope/.rbenv/versions/2.0.0-p481/lib/ruby/gems/2.0.0/gems/actionpack-4.1.8/lib/action_dispatch/middleware/templates/rescues/template_error.html.erb within rescues/layout (41.4ms)


Started GET "/" for 127.0.0.1 at 2014-12-29 11:07:48 -0800
Processing by PoemsController#index as HTML
  Rendered shared/_form_errors.html.erb (0.1ms)
  [1m[35mPoem Load (0.2ms)[0m  SELECT "poems".* FROM "poems"
  Rendered poems/index.html.erb within layouts/application (2.4ms)
Completed 200 OK in 473ms (Views: 472.2ms | ActiveRecord: 0.2ms)


Started GET "/assets/_bootstrap.css?body=1" for 127.0.0.1 at 2014-12-29 11:07:48 -0800


Started GET "/assets/application.css?body=1" for 127.0.0.1 at 2014-12-29 11:07:48 -0800


Started GET "/assets/jquery.js?body=1" for 127.0.0.1 at 2014-12-29 11:07:48 -0800


Started GET "/assets/bootstrap.js?body=1" for 127.0.0.1 at 2014-12-29 11:07:48 -0800


Started GET "/assets/turbolinks.js?body=1" for 127.0.0.1 at 2014-12-29 11:07:48 -0800


Started GET "/assets/jquery_ujs.js?body=1" for 127.0.0.1 at 2014-12-29 11:07:48 -0800


Started GET "/assets/application.js?body=1" for 127.0.0.1 at 2014-12-29 11:07:48 -0800


Started POST "/poems" for 127.0.0.1 at 2014-12-29 11:08:47 -0800
Processing by PoemsController#create as JS
  Parameters: {"utf8"=>"✓", "poem"=>{"content"=>"If you are a dreamer come in If you are a dreamer a wisher a liar A hoper a pray-er a magic-bean-buyer If youre a pretender com sit by my fire For we have some flax golden tales to spin Come in!  Come in!"}, "commit"=>"Add"}
  [1m[36m (0.2ms)[0m  [1mBEGIN[0m
  [1m[35mSQL (0.7ms)[0m  INSERT INTO "poems" ("content", "created_at", "updated_at") VALUES ($1, $2, $3) RETURNING "id"  [["content", "If you are a dreamer come in If you are a dreamer a wisher a liar A hoper a pray-er a magic-bean-buyer If youre a pretender com sit by my fire For we have some flax golden tales to spin Come in!  Come in!"], ["created_at", "2014-12-29 19:08:47.717792"], ["updated_at", "2014-12-29 19:08:47.717792"]]
  [1m[36m (1.7ms)[0m  [1mCOMMIT[0m
  Rendered poems/_poem.html.erb (1.0ms)
  Rendered poems/create.js.erb (2.6ms)
Completed 200 OK in 13ms (Views: 4.4ms | ActiveRecord: 2.8ms)


Started PATCH "/poems/1/upvote" for 127.0.0.1 at 2014-12-29 11:09:17 -0800
Processing by PoemsController#upvote as JS
  Parameters: {"id"=>"1"}
  [1m[35mPoem Load (0.3ms)[0m  SELECT  "poems".* FROM "poems"  WHERE "poems"."id" = $1 LIMIT 1  [["id", 1]]
  [1m[36m (0.1ms)[0m  [1mBEGIN[0m
  [1m[35mSQL (0.2ms)[0m  UPDATE "poems" SET "updated_at" = $1, "votes" = $2 WHERE "poems"."id" = 1  [["updated_at", "2014-12-29 19:09:17.569137"], ["votes", 1]]
  [1m[36m (1.6ms)[0m  [1mCOMMIT[0m
  Rendered poems/_poem.html.erb (0.6ms)
  Rendered poems/upvote.js.erb (1.8ms)
Completed 200 OK in 9ms (Views: 3.5ms | ActiveRecord: 2.2ms)


Started PATCH "/poems/1/upvote" for 127.0.0.1 at 2014-12-29 11:09:17 -0800
Processing by PoemsController#upvote as JS
  Parameters: {"id"=>"1"}
  [1m[35mPoem Load (0.2ms)[0m  SELECT  "poems".* FROM "poems"  WHERE "poems"."id" = $1 LIMIT 1  [["id", 1]]
  [1m[36m (0.1ms)[0m  [1mBEGIN[0m
  [1m[35mSQL (0.2ms)[0m  UPDATE "poems" SET "updated_at" = $1, "votes" = $2 WHERE "poems"."id" = 1  [["updated_at", "2014-12-29 19:09:17.841473"], ["votes", 2]]
  [1m[36m (1.6ms)[0m  [1mCOMMIT[0m
  Rendered poems/_poem.html.erb (0.4ms)
  Rendered poems/upvote.js.erb (1.2ms)
Completed 200 OK in 8ms (Views: 2.7ms | ActiveRecord: 2.1ms)


Started PATCH "/poems/1/upvote" for 127.0.0.1 at 2014-12-29 11:09:18 -0800
Processing by PoemsController#upvote as JS
  Parameters: {"id"=>"1"}
  [1m[35mPoem Load (0.2ms)[0m  SELECT  "poems".* FROM "poems"  WHERE "poems"."id" = $1 LIMIT 1  [["id", 1]]
  [1m[36m (0.1ms)[0m  [1mBEGIN[0m
  [1m[35mSQL (0.2ms)[0m  UPDATE "poems" SET "updated_at" = $1, "votes" = $2 WHERE "poems"."id" = 1  [["updated_at", "2014-12-29 19:09:18.071904"], ["votes", 3]]
  [1m[36m (1.6ms)[0m  [1mCOMMIT[0m
  Rendered poems/_poem.html.erb (0.5ms)
  Rendered poems/upvote.js.erb (1.2ms)
Completed 200 OK in 7ms (Views: 2.8ms | ActiveRecord: 2.1ms)


Started PATCH "/poems/1/downvote" for 127.0.0.1 at 2014-12-29 11:09:18 -0800
Processing by PoemsController#downvote as JS
  Parameters: {"id"=>"1"}
  [1m[35mPoem Load (0.2ms)[0m  SELECT  "poems".* FROM "poems"  WHERE "poems"."id" = $1 LIMIT 1  [["id", 1]]
  [1m[36m (0.1ms)[0m  [1mBEGIN[0m
  [1m[35mSQL (0.2ms)[0m  UPDATE "poems" SET "updated_at" = $1, "votes" = $2 WHERE "poems"."id" = 1  [["updated_at", "2014-12-29 19:09:18.814867"], ["votes", 2]]
  [1m[36m (1.7ms)[0m  [1mCOMMIT[0m
  Rendered poems/_poem.html.erb (0.7ms)
  Rendered poems/downvote.js.erb (2.1ms)
Completed 200 OK in 8ms (Views: 3.8ms | ActiveRecord: 2.2ms)


Started PATCH "/poems/1/downvote" for 127.0.0.1 at 2014-12-29 11:09:18 -0800
Processing by PoemsController#downvote as JS
  Parameters: {"id"=>"1"}
  [1m[35mPoem Load (0.2ms)[0m  SELECT  "poems".* FROM "poems"  WHERE "poems"."id" = $1 LIMIT 1  [["id", 1]]
  [1m[36m (0.1ms)[0m  [1mBEGIN[0m
  [1m[35mSQL (0.2ms)[0m  UPDATE "poems" SET "updated_at" = $1, "votes" = $2 WHERE "poems"."id" = 1  [["updated_at", "2014-12-29 19:09:18.994102"], ["votes", 1]]
  [1m[36m (1.3ms)[0m  [1mCOMMIT[0m
  Rendered poems/_poem.html.erb (0.5ms)
  Rendered poems/downvote.js.erb (1.2ms)
Completed 200 OK in 7ms (Views: 2.8ms | ActiveRecord: 1.8ms)


Started PATCH "/poems/1/downvote" for 127.0.0.1 at 2014-12-29 11:09:19 -0800
Processing by PoemsController#downvote as JS
  Parameters: {"id"=>"1"}
  [1m[35mPoem Load (0.2ms)[0m  SELECT  "poems".* FROM "poems"  WHERE "poems"."id" = $1 LIMIT 1  [["id", 1]]
  [1m[36m (0.1ms)[0m  [1mBEGIN[0m
  [1m[35mSQL (0.2ms)[0m  UPDATE "poems" SET "updated_at" = $1, "votes" = $2 WHERE "poems"."id" = 1  [["updated_at", "2014-12-29 19:09:19.179670"], ["votes", 0]]
  [1m[36m (1.3ms)[0m  [1mCOMMIT[0m
  Rendered poems/_poem.html.erb (0.5ms)
  Rendered poems/downvote.js.erb (1.2ms)
Completed 200 OK in 7ms (Views: 2.9ms | ActiveRecord: 1.8ms)


Started GET "/" for 127.0.0.1 at 2014-12-29 11:09:22 -0800
Processing by PoemsController#index as HTML
  Rendered shared/_form_errors.html.erb (0.0ms)
  [1m[35mPoem Load (0.2ms)[0m  SELECT "poems".* FROM "poems"
  Rendered poems/_poem.html.erb (0.9ms)
  Rendered poems/index.html.erb within layouts/application (3.8ms)
Completed 200 OK in 72ms (Views: 71.6ms | ActiveRecord: 0.2ms)


Started GET "/assets/_bootstrap.css?body=1" for 127.0.0.1 at 2014-12-29 11:09:22 -0800


Started GET "/assets/application.css?body=1" for 127.0.0.1 at 2014-12-29 11:09:22 -0800


Started GET "/assets/jquery_ujs.js?body=1" for 127.0.0.1 at 2014-12-29 11:09:22 -0800


Started GET "/assets/turbolinks.js?body=1" for 127.0.0.1 at 2014-12-29 11:09:22 -0800


Started GET "/assets/jquery.js?body=1" for 127.0.0.1 at 2014-12-29 11:09:22 -0800


Started GET "/assets/application.js?body=1" for 127.0.0.1 at 2014-12-29 11:09:22 -0800


Started GET "/assets/bootstrap.js?body=1" for 127.0.0.1 at 2014-12-29 11:09:22 -0800


Started GET "/poems/1" for 127.0.0.1 at 2014-12-29 11:09:25 -0800
Processing by PoemsController#show as HTML
  Parameters: {"id"=>"1"}
  [1m[36mPoem Load (0.1ms)[0m  [1mSELECT  "poems".* FROM "poems"  WHERE "poems"."id" = $1 LIMIT 1[0m  [["id", 1]]
  [1m[35mComment Load (0.5ms)[0m  SELECT "comments".* FROM "comments"  WHERE "comments"."poem_id" = $1  [["poem_id", 1]]
  Rendered comments/_form.html.erb (9.7ms)
  Rendered poems/show.html.erb within layouts/application (11.3ms)
Completed 500 Internal Server Error in 41ms

ActionView::Template::Error (undefined local variable or method `answer' for #<#<Class:0x007ffd69f9cbf8>:0x007ffd6b597610>):
    1: <%= render 'shared/form_errors', :object => answer %>
    2: <%= form_for [poem, comment], remote: true do |f| %>
    3:   <%= f.label :comment %>
    4:   <%= f.text_field :content %>
  app/views/comments/_form.html.erb:1:in `_app_views_comments__form_html_erb__3195745788325410029_70363202286660'
  app/views/poems/show.html.erb:9:in `_app_views_poems_show_html_erb___4572906170953177596_70363202236300'


  Rendered /Users/Kiope/.rbenv/versions/2.0.0-p481/lib/ruby/gems/2.0.0/gems/actionpack-4.1.8/lib/action_dispatch/middleware/templates/rescues/_trace.html.erb (35.0ms)
  Rendered /Users/Kiope/.rbenv/versions/2.0.0-p481/lib/ruby/gems/2.0.0/gems/actionpack-4.1.8/lib/action_dispatch/middleware/templates/rescues/_request_and_response.html.erb (0.9ms)
  Rendered /Users/Kiope/.rbenv/versions/2.0.0-p481/lib/ruby/gems/2.0.0/gems/actionpack-4.1.8/lib/action_dispatch/middleware/templates/rescues/template_error.html.erb within rescues/layout (44.7ms)


Started GET "/poems/1" for 127.0.0.1 at 2014-12-29 11:09:25 -0800
Processing by PoemsController#show as HTML
  Parameters: {"id"=>"1"}
  [1m[36mPoem Load (0.2ms)[0m  [1mSELECT  "poems".* FROM "poems"  WHERE "poems"."id" = $1 LIMIT 1[0m  [["id", 1]]
  [1m[35mComment Load (0.2ms)[0m  SELECT "comments".* FROM "comments"  WHERE "comments"."poem_id" = $1  [["poem_id", 1]]
  Rendered comments/_form.html.erb (9.8ms)
  Rendered poems/show.html.erb within layouts/application (11.2ms)
Completed 500 Internal Server Error in 15ms

ActionView::Template::Error (undefined local variable or method `answer' for #<#<Class:0x007ffd69f9cbf8>:0x007ffd6a58f678>):
    1: <%= render 'shared/form_errors', :object => answer %>
    2: <%= form_for [poem, comment], remote: true do |f| %>
    3:   <%= f.label :comment %>
    4:   <%= f.text_field :content %>
  app/views/comments/_form.html.erb:1:in `_app_views_comments__form_html_erb__3195745788325410029_70363194172900'
  app/views/poems/show.html.erb:9:in `_app_views_poems_show_html_erb___4572906170953177596_70363193880500'


  Rendered /Users/Kiope/.rbenv/versions/2.0.0-p481/lib/ruby/gems/2.0.0/gems/actionpack-4.1.8/lib/action_dispatch/middleware/templates/rescues/_trace.html.erb (0.9ms)
  Rendered /Users/Kiope/.rbenv/versions/2.0.0-p481/lib/ruby/gems/2.0.0/gems/actionpack-4.1.8/lib/action_dispatch/middleware/templates/rescues/_request_and_response.html.erb (0.7ms)
  Rendered /Users/Kiope/.rbenv/versions/2.0.0-p481/lib/ruby/gems/2.0.0/gems/actionpack-4.1.8/lib/action_dispatch/middleware/templates/rescues/template_error.html.erb within rescues/layout (9.3ms)


Started GET "/" for 127.0.0.1 at 2014-12-29 11:10:38 -0800
Processing by PoemsController#index as HTML
  Rendered shared/_form_errors.html.erb (0.0ms)
  [1m[36mPoem Load (0.2ms)[0m  [1mSELECT "poems".* FROM "poems"[0m
  Rendered poems/_poem.html.erb (0.5ms)
  Rendered poems/index.html.erb within layouts/application (3.4ms)
Completed 200 OK in 36ms (Views: 34.7ms | ActiveRecord: 0.2ms)


Started GET "/assets/_bootstrap.css?body=1" for 127.0.0.1 at 2014-12-29 11:10:38 -0800


Started GET "/assets/application.css?body=1" for 127.0.0.1 at 2014-12-29 11:10:38 -0800


Started GET "/assets/jquery_ujs.js?body=1" for 127.0.0.1 at 2014-12-29 11:10:38 -0800


Started GET "/assets/jquery.js?body=1" for 127.0.0.1 at 2014-12-29 11:10:38 -0800


Started GET "/assets/application.js?body=1" for 127.0.0.1 at 2014-12-29 11:10:38 -0800


Started GET "/assets/turbolinks.js?body=1" for 127.0.0.1 at 2014-12-29 11:10:38 -0800


Started GET "/assets/bootstrap.js?body=1" for 127.0.0.1 at 2014-12-29 11:10:38 -0800


Started GET "/poems/1" for 127.0.0.1 at 2014-12-29 11:10:39 -0800
Processing by PoemsController#show as HTML
  Parameters: {"id"=>"1"}
  [1m[35mPoem Load (0.1ms)[0m  SELECT  "poems".* FROM "poems"  WHERE "poems"."id" = $1 LIMIT 1  [["id", 1]]
  Rendered shared/_form_errors.html.erb (0.3ms)
  Rendered comments/_form.html.erb (47.4ms)
  [1m[36mComment Load (0.2ms)[0m  [1mSELECT "comments".* FROM "comments"  WHERE "comments"."poem_id" = $1[0m  [["poem_id", 1]]
  Rendered poems/show.html.erb within layouts/application (49.5ms)
Completed 200 OK in 80ms (Views: 78.5ms | ActiveRecord: 0.4ms)


Started POST "/poems/1/comments" for 127.0.0.1 at 2014-12-29 11:10:54 -0800
Processing by CommentsController#create as JS
  Parameters: {"utf8"=>"✓", "comment"=>{"content"=>"Cool story bro"}, "commit"=>"Create Comment", "poem_id"=>"1"}
  [1m[35mPoem Load (0.2ms)[0m  SELECT  "poems".* FROM "poems"  WHERE "poems"."id" = $1 LIMIT 1  [["id", 1]]
  [1m[36m (0.1ms)[0m  [1mBEGIN[0m
  [1m[35mSQL (12.1ms)[0m  INSERT INTO "comments" ("content", "created_at", "poem_id", "updated_at") VALUES ($1, $2, $3, $4) RETURNING "id"  [["content", "Cool story bro"], ["created_at", "2014-12-29 19:10:54.652036"], ["poem_id", 1], ["updated_at", "2014-12-29 19:10:54.652036"]]
  [1m[36m (5.8ms)[0m  [1mCOMMIT[0m
  Rendered comments/_comment.html.erb (0.8ms)
  Rendered comments/create.js.erb (2.2ms)
Completed 200 OK in 35ms (Views: 4.4ms | ActiveRecord: 18.2ms)


Started PATCH "/poems/1/comments/1/downvote" for 127.0.0.1 at 2014-12-29 11:10:56 -0800
Processing by CommentsController#downvote as JS
  Parameters: {"poem_id"=>"1", "id"=>"1"}
  [1m[35mPoem Load (0.2ms)[0m  SELECT  "poems".* FROM "poems"  WHERE "poems"."id" = $1 LIMIT 1  [["id", 1]]
  [1m[36mComment Load (0.3ms)[0m  [1mSELECT  "comments".* FROM "comments"  WHERE "comments"."id" = $1 LIMIT 1[0m  [["id", 1]]
  [1m[35m (0.1ms)[0m  BEGIN
  [1m[36mSQL (0.2ms)[0m  [1mUPDATE "comments" SET "updated_at" = $1, "votes" = $2 WHERE "comments"."id" = 1[0m  [["updated_at", "2014-12-29 19:10:56.348894"], ["votes", -1]]
  [1m[35m (5.0ms)[0m  COMMIT
  Rendered comments/_comment.html.erb (0.5ms)
  Rendered comments/downvote.js.erb (1.9ms)
Completed 200 OK in 13ms (Views: 3.7ms | ActiveRecord: 5.8ms)


Started GET "/poems/1/comments/1" for 127.0.0.1 at 2014-12-29 11:10:57 -0800
Processing by CommentsController#show as HTML
  Parameters: {"poem_id"=>"1", "id"=>"1"}
Completed 404 Not Found in 1ms

ActiveRecord::RecordNotFound (Couldn't find Poem without an ID):
  app/controllers/comments_controller.rb:3:in `show'


  Rendered /Users/Kiope/.rbenv/versions/2.0.0-p481/lib/ruby/gems/2.0.0/gems/actionpack-4.1.8/lib/action_dispatch/middleware/templates/rescues/_source.erb (0.5ms)
  Rendered /Users/Kiope/.rbenv/versions/2.0.0-p481/lib/ruby/gems/2.0.0/gems/actionpack-4.1.8/lib/action_dispatch/middleware/templates/rescues/_trace.html.erb (0.9ms)
  Rendered /Users/Kiope/.rbenv/versions/2.0.0-p481/lib/ruby/gems/2.0.0/gems/actionpack-4.1.8/lib/action_dispatch/middleware/templates/rescues/_request_and_response.html.erb (0.7ms)
  Rendered /Users/Kiope/.rbenv/versions/2.0.0-p481/lib/ruby/gems/2.0.0/gems/actionpack-4.1.8/lib/action_dispatch/middleware/templates/rescues/diagnostics.erb within rescues/layout (14.8ms)


Started GET "/poems/1/comments/1" for 127.0.0.1 at 2014-12-29 11:10:57 -0800
Processing by CommentsController#show as HTML
  Parameters: {"poem_id"=>"1", "id"=>"1"}
Completed 404 Not Found in 1ms

ActiveRecord::RecordNotFound (Couldn't find Poem without an ID):
  app/controllers/comments_controller.rb:3:in `show'


  Rendered /Users/Kiope/.rbenv/versions/2.0.0-p481/lib/ruby/gems/2.0.0/gems/actionpack-4.1.8/lib/action_dispatch/middleware/templates/rescues/_source.erb (0.5ms)
  Rendered /Users/Kiope/.rbenv/versions/2.0.0-p481/lib/ruby/gems/2.0.0/gems/actionpack-4.1.8/lib/action_dispatch/middleware/templates/rescues/_trace.html.erb (1.0ms)
  Rendered /Users/Kiope/.rbenv/versions/2.0.0-p481/lib/ruby/gems/2.0.0/gems/actionpack-4.1.8/lib/action_dispatch/middleware/templates/rescues/_request_and_response.html.erb (0.7ms)
  Rendered /Users/Kiope/.rbenv/versions/2.0.0-p481/lib/ruby/gems/2.0.0/gems/actionpack-4.1.8/lib/action_dispatch/middleware/templates/rescues/diagnostics.erb within rescues/layout (13.4ms)


Started GET "/poems/1" for 127.0.0.1 at 2014-12-29 11:11:18 -0800
Processing by PoemsController#show as HTML
  Parameters: {"id"=>"1"}
  [1m[36mPoem Load (0.1ms)[0m  [1mSELECT  "poems".* FROM "poems"  WHERE "poems"."id" = $1 LIMIT 1[0m  [["id", 1]]
  Rendered shared/_form_errors.html.erb (0.1ms)
  Rendered comments/_form.html.erb (44.7ms)
  [1m[35mComment Load (0.3ms)[0m  SELECT "comments".* FROM "comments"  WHERE "comments"."poem_id" = $1  [["poem_id", 1]]
  Rendered comments/_comment.html.erb (1.2ms)
  Rendered poems/show.html.erb within layouts/application (49.6ms)
Completed 200 OK in 94ms (Views: 81.5ms | ActiveRecord: 3.0ms)


Started GET "/assets/_bootstrap.css?body=1" for 127.0.0.1 at 2014-12-29 11:11:18 -0800


Started GET "/assets/jquery_ujs.js?body=1" for 127.0.0.1 at 2014-12-29 11:11:18 -0800


Started GET "/assets/turbolinks.js?body=1" for 127.0.0.1 at 2014-12-29 11:11:18 -0800


Started GET "/assets/application.css?body=1" for 127.0.0.1 at 2014-12-29 11:11:18 -0800


Started GET "/assets/jquery.js?body=1" for 127.0.0.1 at 2014-12-29 11:11:18 -0800


Started GET "/assets/bootstrap.js?body=1" for 127.0.0.1 at 2014-12-29 11:11:18 -0800


Started GET "/assets/application.js?body=1" for 127.0.0.1 at 2014-12-29 11:11:18 -0800


Started GET "/poems/1/comments/1" for 127.0.0.1 at 2014-12-29 11:11:20 -0800
Processing by CommentsController#show as HTML
  Parameters: {"poem_id"=>"1", "id"=>"1"}
  [1m[36mPoem Load (0.2ms)[0m  [1mSELECT  "poems".* FROM "poems"  WHERE "poems"."id" = $1 LIMIT 1[0m  [["id", 1]]
  [1m[35mComment Load (0.2ms)[0m  SELECT  "comments".* FROM "comments"  WHERE "comments"."id" = $1 LIMIT 1  [["id", 1]]
  Rendered comments/show.html.erb within layouts/application (1.0ms)
Completed 200 OK in 34ms (Views: 32.0ms | ActiveRecord: 0.4ms)


Started DELETE "/poems/1/comments/1" for 127.0.0.1 at 2014-12-29 11:11:26 -0800
Processing by CommentsController#destroy as HTML
  Parameters: {"authenticity_token"=>"4YCsEk2+IJIIVOBqsuwvZnr5ktRRRriQf2Rpf9eiirc=", "poem_id"=>"1", "id"=>"1"}
Completed 404 Not Found in 1ms

ActiveRecord::RecordNotFound (Couldn't find Poem without an ID):
  app/controllers/comments_controller.rb:37:in `destroy'


  Rendered /Users/Kiope/.rbenv/versions/2.0.0-p481/lib/ruby/gems/2.0.0/gems/actionpack-4.1.8/lib/action_dispatch/middleware/templates/rescues/_source.erb (0.7ms)
  Rendered /Users/Kiope/.rbenv/versions/2.0.0-p481/lib/ruby/gems/2.0.0/gems/actionpack-4.1.8/lib/action_dispatch/middleware/templates/rescues/_trace.html.erb (1.0ms)
  Rendered /Users/Kiope/.rbenv/versions/2.0.0-p481/lib/ruby/gems/2.0.0/gems/actionpack-4.1.8/lib/action_dispatch/middleware/templates/rescues/_request_and_response.html.erb (0.8ms)
  Rendered /Users/Kiope/.rbenv/versions/2.0.0-p481/lib/ruby/gems/2.0.0/gems/actionpack-4.1.8/lib/action_dispatch/middleware/templates/rescues/diagnostics.erb within rescues/layout (13.7ms)


Started GET "/" for 127.0.0.1 at 2014-12-29 11:14:14 -0800
  [1m[36mActiveRecord::SchemaMigration Load (0.4ms)[0m  [1mSELECT "schema_migrations".* FROM "schema_migrations"[0m
Processing by PoemsController#index as HTML
  Rendered shared/_form_errors.html.erb (1.7ms)
  [1m[35mPoem Load (0.5ms)[0m  SELECT "poems".* FROM "poems"
  Rendered poems/_poem.html.erb (0.9ms)
  Rendered poems/index.html.erb within layouts/application (335.0ms)
Completed 200 OK in 484ms (Views: 466.3ms | ActiveRecord: 3.3ms)


Started GET "/assets/_bootstrap.css?body=1" for 127.0.0.1 at 2014-12-29 11:14:15 -0800


Started GET "/assets/application.css?body=1" for 127.0.0.1 at 2014-12-29 11:14:15 -0800


Started GET "/assets/jquery_ujs.js?body=1" for 127.0.0.1 at 2014-12-29 11:14:15 -0800


Started GET "/assets/jquery.js?body=1" for 127.0.0.1 at 2014-12-29 11:14:15 -0800


Started GET "/assets/turbolinks.js?body=1" for 127.0.0.1 at 2014-12-29 11:14:15 -0800


Started GET "/assets/bootstrap.js?body=1" for 127.0.0.1 at 2014-12-29 11:14:15 -0800


Started GET "/assets/application.js?body=1" for 127.0.0.1 at 2014-12-29 11:14:15 -0800


Started GET "/poems/1" for 127.0.0.1 at 2014-12-29 11:14:20 -0800
Processing by PoemsController#show as HTML
  Parameters: {"id"=>"1"}
  [1m[36mPoem Load (0.3ms)[0m  [1mSELECT  "poems".* FROM "poems"  WHERE "poems"."id" = $1 LIMIT 1[0m  [["id", 1]]
  Rendered shared/_form_errors.html.erb (0.5ms)
  Rendered comments/_form.html.erb (8.6ms)
  [1m[35mComment Load (0.5ms)[0m  SELECT "comments".* FROM "comments"  WHERE "comments"."poem_id" = $1  [["poem_id", 1]]
  Rendered comments/_comment.html.erb (0.8ms)
  Rendered poems/show.html.erb within layouts/application (18.3ms)
Completed 200 OK in 98ms (Views: 47.5ms | ActiveRecord: 2.3ms)


Started DELETE "/poems/1" for 127.0.0.1 at 2014-12-29 11:14:24 -0800
Processing by PoemsController#destroy as HTML
  Parameters: {"authenticity_token"=>"4YCsEk2+IJIIVOBqsuwvZnr5ktRRRriQf2Rpf9eiirc=", "id"=>"1"}
  [1m[36mPoem Load (0.3ms)[0m  [1mSELECT  "poems".* FROM "poems"  WHERE "poems"."id" = $1 LIMIT 1[0m  [["id", 1]]
  [1m[35m (0.1ms)[0m  BEGIN
  [1m[36mSQL (0.3ms)[0m  [1mDELETE FROM "poems" WHERE "poems"."id" = $1[0m  [["id", 1]]
  [1m[35m (3.3ms)[0m  COMMIT
Redirected to http://localhost:3000/
Completed 302 Found in 7ms (ActiveRecord: 3.9ms)


Started GET "/" for 127.0.0.1 at 2014-12-29 11:14:24 -0800
Processing by PoemsController#index as HTML
  Rendered shared/_form_errors.html.erb (0.1ms)
  [1m[36mPoem Load (0.3ms)[0m  [1mSELECT "poems".* FROM "poems"[0m
  Rendered poems/index.html.erb within layouts/application (2.7ms)
Completed 200 OK in 42ms (Views: 41.4ms | ActiveRecord: 0.3ms)


Started GET "/assets/_bootstrap.css?body=1" for 127.0.0.1 at 2014-12-29 11:14:24 -0800


Started GET "/assets/jquery.js?body=1" for 127.0.0.1 at 2014-12-29 11:14:24 -0800


Started GET "/assets/jquery_ujs.js?body=1" for 127.0.0.1 at 2014-12-29 11:14:24 -0800


Started GET "/assets/application.css?body=1" for 127.0.0.1 at 2014-12-29 11:14:24 -0800


Started GET "/assets/bootstrap.js?body=1" for 127.0.0.1 at 2014-12-29 11:14:24 -0800


Started GET "/assets/turbolinks.js?body=1" for 127.0.0.1 at 2014-12-29 11:14:24 -0800


Started GET "/assets/application.js?body=1" for 127.0.0.1 at 2014-12-29 11:14:24 -0800


Started POST "/poems" for 127.0.0.1 at 2014-12-29 11:14:34 -0800
Processing by PoemsController#create as JS
  Parameters: {"utf8"=>"✓", "poem"=>{"content"=>"Roses are red / violets are blue"}, "commit"=>"Add"}
  [1m[35m (0.1ms)[0m  BEGIN
  [1m[36mSQL (0.3ms)[0m  [1mINSERT INTO "poems" ("content", "created_at", "updated_at") VALUES ($1, $2, $3) RETURNING "id"[0m  [["content", "Roses are red / violets are blue"], ["created_at", "2014-12-29 19:14:34.271239"], ["updated_at", "2014-12-29 19:14:34.271239"]]
  [1m[35m (1.6ms)[0m  COMMIT
  Rendered poems/_poem.html.erb (0.9ms)
  Rendered poems/create.js.erb (2.2ms)
Completed 200 OK in 8ms (Views: 3.7ms | ActiveRecord: 2.0ms)


Started GET "/poems/2" for 127.0.0.1 at 2014-12-29 11:14:35 -0800
Processing by PoemsController#show as HTML
  Parameters: {"id"=>"2"}
  [1m[36mPoem Load (0.2ms)[0m  [1mSELECT  "poems".* FROM "poems"  WHERE "poems"."id" = $1 LIMIT 1[0m  [["id", 2]]
  Rendered shared/_form_errors.html.erb (0.0ms)
  Rendered comments/_form.html.erb (1.8ms)
  [1m[35mComment Load (0.3ms)[0m  SELECT "comments".* FROM "comments"  WHERE "comments"."poem_id" = $1  [["poem_id", 2]]
  Rendered poems/show.html.erb within layouts/application (3.8ms)
Completed 200 OK in 78ms (Views: 76.2ms | ActiveRecord: 0.5ms)
